<html> <head> <title> SAS-2020 </title> </head><body onload='main'><script> 
 function fi( x, y) 
{

 let  z; 
 z= x*( x+ y); 
 x=(a+b)*(c+d)-1; 

 return  z; 
}
; 

 function fs( a, b) 
{

 let c; 

 let 
 function substr( a, p, n) 
; 
c= substr(a,1,3)+b; 

 return c; 
}
; 

 function main(){

 let  u; 

 let  x; 

 let  y; 

 let  z; 

 let  sa; 

 let  sb; 

 let  sc; 

 let 
 function strlen( p) 
; 

 let  x; 
 x=1; 

 let  i; 

 while( i>3) 
{
 i=~ x; 
}
 y=5&4; 
 u=5|7; 
 sa="'1234567890'"; 
 sb="'1234567890'"; 
 z= fi( x, y); 
 sc= fs( sa, sb); 

 document.write(  "'контрольный                     пример'"); 

 document.write(   z); 

 document.write(   sc); 

 document.write(   strlen) sc; 

 return 0; 
}
; 
</script></body> </html>