int function fi ( int x , int y ) |
{ |
def int z ; |
z = x * ( x + y ) ; |
x = ( a + b ) * ( c + d ) - 1 ; |
return z ; |
} ; |
string function fs ( string a , string b ) |
{ |
def string c ; |
def string function substr ( string a , int p , |
 int n ) ; |
c = substr ( a , 1 , 3 ) + b ; |
return c ; |
} ; |
main |
{ |
def int u ; |
def int x ; |
def int y ; |
def int z ; |
def string sa ; |
def string sb ; |
def string sc ; |
def int function strlen ( string p ) ; |
def int x ; |
x = 1 ; |
def int i ; |
while ( i < 3 ) |
{ |
i = ~ x ; |
} |
y = 5 & 4 ; |
u = 5 or 7 ; |
sa = '1234567890' ; |
sb = '1234567890' ; |
z = fi ( x , y ) ; |
sc = fs ( sa , sb ) ; |
print 'контрольный                     пример' ; |
print z ; |
print sc ; |
print strlen ( sc ) ; |
return 0 ; |
} ; |
 |
 |
 